<?xml version="1.0" encoding="UTF-8"?>
<testng-results ignored="0" total="2" passed="2" failed="0" skipped="0">
  <reporter-output>
  </reporter-output>
  <suite started-at="2023-11-15T17:36:19 IST" name="Suite" finished-at="2023-11-15T17:36:45 IST" duration-ms="26215">
    <groups>
    </groups>
    <test started-at="2023-11-15T17:36:19 IST" name="Test" finished-at="2023-11-15T17:36:45 IST" duration-ms="26215">
      <class name="testcase.Tc_002_login_page">
        <test-method is-config="true" signature="browserlaunch(java.lang.String,java.lang.String)[pri:0, instance:testcase.Tc_002_login_page@4082ba93]" started-at="2023-11-15T17:36:33 IST" name="browserlaunch" finished-at="2023-11-15T17:36:43 IST" duration-ms="10734" status="PASS">
          <params>
            <param index="0">
              <value>
                <![CDATA[chrome]]>
              </value>
            </param>
            <param index="1">
              <value>
                <![CDATA[https://www.demoblaze.com/]]>
              </value>
            </param>
          </params>
          <reporter-output>
          </reporter-output>
        </test-method> <!-- browserlaunch -->
        <test-method signature="loginpage()[pri:0, instance:testcase.Tc_002_login_page@4082ba93]" started-at="2023-11-15T17:36:43 IST" name="loginpage" finished-at="2023-11-15T17:36:45 IST" duration-ms="1089" status="PASS">
          <reporter-output>
          </reporter-output>
        </test-method> <!-- loginpage -->
        <test-method is-config="true" signature="browserclose()[pri:0, instance:testcase.Tc_002_login_page@4082ba93]" started-at="2023-11-15T17:36:45 IST" name="browserclose" finished-at="2023-11-15T17:36:45 IST" duration-ms="263" status="PASS">
          <reporter-output>
          </reporter-output>
        </test-method> <!-- browserclose -->
      </class> <!-- testcase.Tc_002_login_page -->
      <class name="testcase.Tc_001_Signup_page">
        <test-method is-config="true" signature="browserlaunch(java.lang.String,java.lang.String)[pri:0, instance:testcase.Tc_001_Signup_page@5f049ea1]" started-at="2023-11-15T17:36:19 IST" name="browserlaunch" finished-at="2023-11-15T17:36:31 IST" duration-ms="11937" status="PASS">
          <params>
            <param index="0">
              <value>
                <![CDATA[chrome]]>
              </value>
            </param>
            <param index="1">
              <value>
                <![CDATA[https://www.demoblaze.com/]]>
              </value>
            </param>
          </params>
          <reporter-output>
          </reporter-output>
        </test-method> <!-- browserlaunch -->
        <test-method signature="signuptest()[pri:0, instance:testcase.Tc_001_Signup_page@5f049ea1]" started-at="2023-11-15T17:36:31 IST" name="signuptest" finished-at="2023-11-15T17:36:32 IST" duration-ms="1299" status="PASS">
          <reporter-output>
          </reporter-output>
        </test-method> <!-- signuptest -->
        <test-method is-config="true" signature="browserclose()[pri:0, instance:testcase.Tc_001_Signup_page@5f049ea1]" started-at="2023-11-15T17:36:32 IST" name="browserclose" finished-at="2023-11-15T17:36:33 IST" duration-ms="659" status="PASS">
          <reporter-output>
          </reporter-output>
        </test-method> <!-- browserclose -->
      </class> <!-- testcase.Tc_001_Signup_page -->
    </test> <!-- Test -->
  </suite> <!-- Suite -->
</testng-results>
